<?xml version="1.0" encoding="UTF-8"?>
<!-- Generated by org.testng.reporters.JUnitXMLReporter -->
<testsuite ignored="0" hostname="DESKTOP-0SUG7MG" failures="0" tests="8" name="Default test" time="101.088" errors="0" timestamp="2026-09-16T13:24:06 BDT">
  <testcase classname="appsTest.TesttingApps" name="AppTestOne" time="11.165"/>
  <testcase classname="appsTest.TesttingApps" name="AppTestTwo" time="2.026"/>
  <testcase classname="appsTest.TesttingApps" name="Addtocart" time="6.372"/>
  <testcase classname="appsTest.TesttingApps" name="GoToCatalogAndAddSecondProduct" time="11.923"/>
  <testcase classname="appsTest.TesttingApps" name="ReduceOrRemoveCartItem" time="34.33"/>
  <testcase classname="appsTest.TesttingApps" name="Login" time="7.735"/>
  <testcase classname="appsTest.TesttingApps" name="Checkout" time="11.296"/>
  <testcase classname="appsTest.TesttingApps" name="Payment" time="10.165"/>
</testsuite> <!-- Default test -->
