<?xml version="1.0" encoding="UTF-8"?>
<testng-results ignored="0" total="8" passed="8" failed="0" skipped="0">
  <reporter-output>
  </reporter-output>
  <suite started-at="2026-09-16T13:22:25 BDT" name="Default suite" finished-at="2026-09-16T13:24:06 BDT" duration-ms="101088">
    <groups>
    </groups>
    <test started-at="2026-09-16T13:22:25 BDT" name="Default test" finished-at="2026-09-16T13:24:06 BDT" duration-ms="101088">
      <class name="appsTest.TesttingApps">
        <test-method is-config="true" signature="setUp()[pri:0, instance:appsTest.TesttingApps@77c2494c]" started-at="2026-09-16T13:22:25 BDT" name="setUp" finished-at="2026-09-16T13:22:30 BDT" duration-ms="5396" status="PASS">
          <reporter-output>
          </reporter-output>
        </test-method> <!-- setUp -->
        <test-method signature="AppTestOne()[pri:1, instance:appsTest.TesttingApps@77c2494c]" started-at="2026-09-16T13:22:30 BDT" name="AppTestOne" finished-at="2026-09-16T13:22:41 BDT" duration-ms="11165" status="PASS">
          <reporter-output>
          </reporter-output>
        </test-method> <!-- AppTestOne -->
        <test-method signature="AppTestTwo()[pri:2, instance:appsTest.TesttingApps@77c2494c]" started-at="2026-09-16T13:22:41 BDT" name="AppTestTwo" finished-at="2026-09-16T13:22:43 BDT" duration-ms="2026" status="PASS">
          <reporter-output>
          </reporter-output>
        </test-method> <!-- AppTestTwo -->
        <test-method signature="Addtocart()[pri:3, instance:appsTest.TesttingApps@77c2494c]" started-at="2026-09-16T13:22:43 BDT" name="Addtocart" finished-at="2026-09-16T13:22:50 BDT" duration-ms="6372" status="PASS">
          <reporter-output>
          </reporter-output>
        </test-method> <!-- Addtocart -->
        <test-method signature="GoToCatalogAndAddSecondProduct()[pri:4, instance:appsTest.TesttingApps@77c2494c]" started-at="2026-09-16T13:22:50 BDT" name="GoToCatalogAndAddSecondProduct" finished-at="2026-09-16T13:23:02 BDT" duration-ms="11923" status="PASS">
          <reporter-output>
          </reporter-output>
        </test-method> <!-- GoToCatalogAndAddSecondProduct -->
        <test-method signature="ReduceOrRemoveCartItem()[pri:5, instance:appsTest.TesttingApps@77c2494c]" started-at="2026-09-16T13:23:02 BDT" name="ReduceOrRemoveCartItem" finished-at="2026-09-16T13:23:36 BDT" duration-ms="34330" status="PASS">
          <reporter-output>
          </reporter-output>
        </test-method> <!-- ReduceOrRemoveCartItem -->
        <test-method signature="Login()[pri:6, instance:appsTest.TesttingApps@77c2494c]" started-at="2026-09-16T13:23:36 BDT" name="Login" finished-at="2026-09-16T13:23:44 BDT" duration-ms="7735" status="PASS">
          <reporter-output>
          </reporter-output>
        </test-method> <!-- Login -->
        <test-method signature="Checkout()[pri:7, instance:appsTest.TesttingApps@77c2494c]" started-at="2026-09-16T13:23:44 BDT" name="Checkout" finished-at="2026-09-16T13:23:55 BDT" duration-ms="11296" status="PASS">
          <reporter-output>
          </reporter-output>
        </test-method> <!-- Checkout -->
        <test-method signature="Payment()[pri:8, instance:appsTest.TesttingApps@77c2494c]" started-at="2026-09-16T13:23:55 BDT" name="Payment" finished-at="2026-09-16T13:24:05 BDT" duration-ms="10165" status="PASS">
          <reporter-output>
          </reporter-output>
        </test-method> <!-- Payment -->
        <test-method is-config="true" signature="closeApp()[pri:0, instance:appsTest.TesttingApps@77c2494c]" started-at="2026-09-16T13:24:05 BDT" name="closeApp" finished-at="2026-09-16T13:24:06 BDT" duration-ms="633" status="PASS">
          <reporter-output>
          </reporter-output>
        </test-method> <!-- closeApp -->
      </class> <!-- appsTest.TesttingApps -->
    </test> <!-- Default test -->
  </suite> <!-- Default suite -->
</testng-results>
